<?xml version="1.0" encoding="UTF-8"?>
<!-- Generated by org.testng.reporters.JUnitXMLReporter -->
<testsuite ignored="1" hostname="DESKTOP-T7PUVCL" failures="2" tests="3" name="Default test(failed)" time="6.784" errors="0" timestamp="2025-05-13T17:18:10 IST">
  <testcase classname="testng_demo.Demo_extent_reports" name="@AfterMethod getTestResult" time="0.01">
    <failure type="java.lang.NullPointerException" message="Cannot invoke &amp;quot;com.aventstack.extentreports.ExtentTest.log(com.aventstack.extentreports.Status, com.aventstack.extentreports.markuputils.Markup)&amp;quot; because &amp;quot;this.test&amp;quot; is null">
      <![CDATA[java.lang.NullPointerException: Cannot invoke "com.aventstack.extentreports.ExtentTest.log(com.aventstack.extentreports.Status, com.aventstack.extentreports.markuputils.Markup)" because "this.test" is null
at testng_demo.Demo_extent_reports.getTestResult(Demo_extent_reports.java:81)
at java.base/java.util.ArrayList.forEach(ArrayList.java:1511)
... Removed 32 stack frames]]>
    </failure>
  </testcase> <!-- @AfterMethod getTestResult -->
  <testcase classname="testng_demo.Demo_extent_reports" name="@AfterMethod teatDown" time="-1.747136890518E9">
    <skipped/>
  </testcase> <!-- @AfterMethod teatDown -->
  <testcase classname="testng_demo.Demo_extent_reports" name="@BeforeMethod setupBrowser" time="-1.747136890523E9">
    <skipped/>
  </testcase> <!-- @BeforeMethod setupBrowser -->
  <testcase classname="testng_demo.Demo_extent_reports" name="@AfterMethod getTestResult" time="-1.747136890538E9">
    <skipped/>
  </testcase> <!-- @AfterMethod getTestResult -->
  <testcase classname="testng_demo.Demo_extent_reports" name="@AfterMethod teatDown" time="-1.747136890549E9">
    <skipped/>
  </testcase> <!-- @AfterMethod teatDown -->
  <testcase classname="testng_demo.Demo_extent_reports" name="Scrnshot" time="0.0">
    <failure type="org.testng.TestNGException" message="
Cannot inject @Test annotated Method [Scrnshot] with [class java.lang.String].
For more information on native dependency injection please refer to https://testng.org/doc/documentation-main.html#native-dependency-injection">
      <![CDATA[org.testng.TestNGException: 
Cannot inject @Test annotated Method [Scrnshot] with [class java.lang.String].
For more information on native dependency injection please refer to https://testng.org/doc/documentation-main.html#native-dependency-injection
at java.base/java.util.ArrayList.forEach(ArrayList.java:1511)
... Removed 26 stack frames]]>
    </failure>
  </testcase> <!-- Scrnshot -->
  <testcase classname="testng_demo.Demo_extent_reports" name="skipTestExample" time="0.006">
    <failure type="java.lang.NullPointerException" message="Cannot invoke &amp;quot;com.aventstack.extentreports.ExtentTest.getExtent()&amp;quot; because &amp;quot;this.test&amp;quot; is null">
      <![CDATA[java.lang.NullPointerException: Cannot invoke "com.aventstack.extentreports.ExtentTest.getExtent()" because "this.test" is null
at testng_demo.Demo_extent_reports.skipTestExample(Demo_extent_reports.java:75)
at java.base/java.util.ArrayList.forEach(ArrayList.java:1511)
... Removed 27 stack frames]]>
    </failure>
  </testcase> <!-- skipTestExample -->
  <testcase classname="testng_demo.Demo_extent_reports" name="googletestFail" time="0.0">
    <skipped/>
  </testcase> <!-- googletestFail -->
  <testcase classname="testng_demo.Demo_extent_reports" name="googletest" time="0.0">
    <ignored/>
  </testcase> <!-- googletest -->
</testsuite> <!-- Default test(failed) -->
